  apifunc.cpp
apifunc.cpp(69): warning C4267: '+=': conversion from 'size_t' to 'int', possible loss of data
apifunc.cpp(81): warning C4996: 'strcpy': This function or variable may be unsafe. Consider using strcpy_s instead. To disable deprecation, use _CRT_SECURE_NO_WARNINGS. See online help for details.
  C:\Program Files (x86)\Windows Kits\10\Include\10.0.14393.0\ucrt\string.h(129): note: see declaration of 'strcpy'
apifunc.cpp(82): warning C4267: '+=': conversion from 'size_t' to 'int', possible loss of data
apifunc.cpp(91): warning C4996: 'fopen': This function or variable may be unsafe. Consider using fopen_s instead. To disable deprecation, use _CRT_SECURE_NO_WARNINGS. See online help for details.
  C:\Program Files (x86)\Windows Kits\10\Include\10.0.14393.0\ucrt\stdio.h(207): note: see declaration of 'fopen'
apifunc.cpp(113): warning C4996: 'strcpy': This function or variable may be unsafe. Consider using strcpy_s instead. To disable deprecation, use _CRT_SECURE_NO_WARNINGS. See online help for details.
  C:\Program Files (x86)\Windows Kits\10\Include\10.0.14393.0\ucrt\string.h(129): note: see declaration of 'strcpy'
apifunc.cpp(556): warning C4477: 'printf' : format string '%lu' requires an argument of type 'unsigned long', but variadic argument 1 has type '::size_t'
  apifunc.cpp(556): note: consider using '%zu' in the format string
apifunc.cpp(557): warning C4477: 'printf' : format string '%lu' requires an argument of type 'unsigned long', but variadic argument 1 has type '::size_t'
  apifunc.cpp(557): note: consider using '%zu' in the format string
apifunc.cpp(570): warning C4477: 'printf' : format string '%lu' requires an argument of type 'unsigned long', but variadic argument 1 has type '::size_t'
  apifunc.cpp(570): note: consider using '%zu' in the format string
apifunc.cpp(571): warning C4477: 'printf' : format string '%lu' requires an argument of type 'unsigned long', but variadic argument 1 has type '::size_t'
  apifunc.cpp(571): note: consider using '%zu' in the format string
apifunc.cpp(614): warning C4244: 'argument': conversion from '__int64' to 'int', possible loss of data
apifunc.cpp(691): warning C4244: '=': conversion from 'int' to 'float', possible loss of data
apifunc.cpp(692): warning C4244: '=': conversion from 'int' to 'float', possible loss of data
apifunc.cpp(699): warning C4244: '=': conversion from 'double' to 'float', possible loss of data
apifunc.cpp(721): warning C4244: '=': conversion from 'int' to 'float', possible loss of data
apifunc.cpp(800): warning C4244: '=': conversion from 'int' to 'float', possible loss of data
apifunc.cpp(801): warning C4244: '=': conversion from 'int' to 'float', possible loss of data
apifunc.cpp(808): warning C4244: '=': conversion from 'double' to 'float', possible loss of data
apifunc.cpp(851): warning C4244: '=': conversion from 'int' to 'float', possible loss of data
apifunc.cpp(930): warning C4244: '=': conversion from 'int' to 'float', possible loss of data
apifunc.cpp(931): warning C4244: '=': conversion from 'int' to 'float', possible loss of data
apifunc.cpp(938): warning C4244: '=': conversion from 'double' to 'float', possible loss of data
apifunc.cpp(977): warning C4244: '=': conversion from 'int' to 'float', possible loss of data
apifunc.cpp(1030): warning C4244: 'initializing': conversion from '__int64' to 'int', possible loss of data
apifunc.cpp(1031): warning C4244: 'initializing': conversion from '__int64' to 'int', possible loss of data
apifunc.cpp(1119): warning C4244: 'argument': conversion from 'double' to '__int64', possible loss of data
apifunc.cpp(1121): warning C4267: '=': conversion from 'size_t' to 'int', possible loss of data
apifunc.cpp(1122): warning C4267: '=': conversion from 'size_t' to 'int', possible loss of data
apifunc.cpp(1123): warning C4267: '=': conversion from 'size_t' to 'int', possible loss of data
apifunc.cpp(1235): warning C4244: 'initializing': conversion from '__int64' to 'int', possible loss of data
apifunc.cpp(1323): warning C4244: 'initializing': conversion from '__int64' to 'int', possible loss of data
apifunc.cpp(1324): warning C4244: 'initializing': conversion from '__int64' to 'int', possible loss of data
apifunc.cpp(1333): warning C4244: 'initializing': conversion from '__int64' to 'int', possible loss of data
apifunc.cpp(1337): warning C4244: '=': conversion from 'int' to 'float', possible loss of data
apifunc.cpp(1338): warning C4244: '=': conversion from 'int' to 'float', possible loss of data
apifunc.cpp(1346): warning C4305: 'argument': truncation from 'double' to 'float'
apifunc.cpp(1346): warning C4244: 'argument': conversion from '__int64' to 'int', possible loss of data
apifunc.cpp(1347): warning C4244: '=': conversion from 'float' to 'int', possible loss of data
apifunc.cpp(1348): warning C4244: '=': conversion from 'float' to 'int', possible loss of data
apifunc.cpp(1350): warning C4244: '=': conversion from 'int' to 'float', possible loss of data
apifunc.cpp(1351): warning C4244: '=': conversion from 'int' to 'float', possible loss of data
apifunc.cpp(1359): warning C4305: 'argument': truncation from 'double' to 'float'
apifunc.cpp(1359): warning C4244: 'argument': conversion from '__int64' to 'int', possible loss of data
apifunc.cpp(1360): warning C4244: '=': conversion from 'float' to 'int', possible loss of data
apifunc.cpp(1361): warning C4244: '=': conversion from 'int' to 'float', possible loss of data
apifunc.cpp(1362): warning C4244: '=': conversion from 'int' to 'float', possible loss of data
apifunc.cpp(1363): warning C4244: '=': conversion from 'int' to 'float', possible loss of data
apifunc.cpp(1382): warning C4244: '=': conversion from '__int64' to 'float', possible loss of data
apifunc.cpp(1383): warning C4244: '=': conversion from '__int64' to 'float', possible loss of data
apifunc.cpp(1384): warning C4244: '=': conversion from '__int64' to 'float', possible loss of data
apifunc.cpp(1447): warning C4244: '=': conversion from '__int64' to 'float', possible loss of data
apifunc.cpp(1456): warning C4244: '=': conversion from 'double' to 'float', possible loss of data
apifunc.cpp(1461): warning C4244: '=': conversion from 'double' to 'float', possible loss of data
apifunc.cpp(1496): warning C4305: 'argument': truncation from 'double' to 'float'
apifunc.cpp(1508): warning C4305: 'argument': truncation from 'double' to 'float'
apifunc.cpp(1510): warning C4305: 'argument': truncation from 'double' to 'float'
apifunc.cpp(1512): warning C4305: 'argument': truncation from 'double' to 'float'
apifunc.cpp(1601): warning C4244: 'initializing': conversion from '__int64' to 'int', possible loss of data
apifunc.cpp(1602): warning C4244: 'initializing': conversion from '__int64' to 'int', possible loss of data
apifunc.cpp(1677): warning C4244: 'initializing': conversion from '__int64' to 'int', possible loss of data
apifunc.cpp(1726): warning C4244: '=': conversion from '__int64' to 'float', possible loss of data
apifunc.cpp(1727): warning C4244: '=': conversion from '__int64' to 'float', possible loss of data
apifunc.cpp(1728): warning C4244: '=': conversion from '__int64' to 'float', possible loss of data
apifunc.cpp(1749): warning C4244: 'argument': conversion from '__int64' to 'int', possible loss of data
apifunc.cpp(1760): warning C4244: '=': conversion from '__int64' to 'float', possible loss of data
apifunc.cpp(1769): warning C4244: '=': conversion from 'double' to 'float', possible loss of data
apifunc.cpp(1774): warning C4244: '=': conversion from 'double' to 'float', possible loss of data
apifunc.cpp(1809): warning C4305: 'argument': truncation from 'double' to 'float'
apifunc.cpp(1821): warning C4305: 'argument': truncation from 'double' to 'float'
apifunc.cpp(1823): warning C4305: 'argument': truncation from 'double' to 'float'
apifunc.cpp(1825): warning C4305: 'argument': truncation from 'double' to 'float'
apifunc.cpp(1855): warning C4244: 'argument': conversion from '__int64' to 'int', possible loss of data
apifunc.cpp(1988): warning C4244: '=': conversion from 'int' to 'float', possible loss of data
apifunc.cpp(2019): warning C4244: 'argument': conversion from 'double' to '__int64', possible loss of data
apifunc.cpp(2019): warning C4244: 'argument': conversion from '__int64' to 'long', possible loss of data
apifunc.cpp(2023): warning C4244: '=': conversion from '__int64' to 'float', possible loss of data
apifunc.cpp(2024): warning C4244: '=': conversion from '__int64' to 'float', possible loss of data
apifunc.cpp(2025): warning C4244: '=': conversion from '__int64' to 'float', possible loss of data
apifunc.cpp(2037): warning C4244: '=': conversion from '__int64' to 'float', possible loss of data
apifunc.cpp(2038): warning C4244: '=': conversion from '__int64' to 'float', possible loss of data
apifunc.cpp(2039): warning C4244: '=': conversion from '__int64' to 'float', possible loss of data
apifunc.cpp(2086): warning C4244: 'argument': conversion from 'double' to '__int64', possible loss of data
apifunc.cpp(2086): warning C4244: 'argument': conversion from '__int64' to 'long', possible loss of data
apifunc.cpp(2090): warning C4244: '=': conversion from '__int64' to 'float', possible loss of data
apifunc.cpp(2091): warning C4244: '=': conversion from '__int64' to 'float', possible loss of data
apifunc.cpp(2092): warning C4244: '=': conversion from '__int64' to 'float', possible loss of data
apifunc.cpp(2106): warning C4244: '=': conversion from '__int64' to 'float', possible loss of data
apifunc.cpp(2107): warning C4244: '=': conversion from '__int64' to 'float', possible loss of data
apifunc.cpp(2108): warning C4244: '=': conversion from '__int64' to 'float', possible loss of data
apifunc.cpp(2160): warning C4244: 'argument': conversion from '__int64' to 'int', possible loss of data
apifunc.cpp(2161): warning C4244: 'argument': conversion from '__int64' to 'int', possible loss of data
apifunc.cpp(2162): warning C4244: 'argument': conversion from '__int64' to 'int', possible loss of data
apifunc.cpp(2199): warning C4244: 'argument': conversion from '__int64' to 'int', possible loss of data
apifunc.cpp(2200): warning C4244: 'argument': conversion from '__int64' to 'int', possible loss of data
apifunc.cpp(2219): warning C4244: '=': conversion from 'int' to 'float', possible loss of data
apifunc.cpp(2165): warning C4477: 'printf' : format string '%d' requires an argument of type 'int', but variadic argument 1 has type '__int64'
  apifunc.cpp(2165): note: consider using '%lld' in the format string
  apifunc.cpp(2165): note: consider using '%Id' in the format string
  apifunc.cpp(2165): note: consider using '%I64d' in the format string
apifunc.cpp(2165): warning C4477: 'printf' : format string '%d' requires an argument of type 'int', but variadic argument 2 has type '__int64'
  apifunc.cpp(2165): note: consider using '%lld' in the format string
  apifunc.cpp(2165): note: consider using '%Id' in the format string
  apifunc.cpp(2165): note: consider using '%I64d' in the format string
apifunc.cpp(2165): warning C4477: 'printf' : format string '%d' requires an argument of type 'int', but variadic argument 3 has type '__int64'
  apifunc.cpp(2165): note: consider using '%lld' in the format string
  apifunc.cpp(2165): note: consider using '%Id' in the format string
  apifunc.cpp(2165): note: consider using '%I64d' in the format string
apifunc.cpp(2166): warning C4477: 'printf' : format string '%d' requires an argument of type 'int', but variadic argument 1 has type '__int64'
  apifunc.cpp(2166): note: consider using '%lld' in the format string
  apifunc.cpp(2166): note: consider using '%Id' in the format string
  apifunc.cpp(2166): note: consider using '%I64d' in the format string
apifunc.cpp(2166): warning C4477: 'printf' : format string '%d' requires an argument of type 'int', but variadic argument 2 has type '__int64'
  apifunc.cpp(2166): note: consider using '%lld' in the format string
  apifunc.cpp(2166): note: consider using '%Id' in the format string
  apifunc.cpp(2166): note: consider using '%I64d' in the format string
apifunc.cpp(2166): warning C4477: 'printf' : format string '%d' requires an argument of type 'int', but variadic argument 3 has type '__int64'
  apifunc.cpp(2166): note: consider using '%lld' in the format string
  apifunc.cpp(2166): note: consider using '%Id' in the format string
  apifunc.cpp(2166): note: consider using '%I64d' in the format string
apifunc.cpp(2167): warning C4477: 'printf' : format string '%d' requires an argument of type 'int', but variadic argument 1 has type '__int64'
  apifunc.cpp(2167): note: consider using '%lld' in the format string
  apifunc.cpp(2167): note: consider using '%Id' in the format string
  apifunc.cpp(2167): note: consider using '%I64d' in the format string
apifunc.cpp(2167): warning C4477: 'printf' : format string '%d' requires an argument of type 'int', but variadic argument 2 has type '__int64'
  apifunc.cpp(2167): note: consider using '%lld' in the format string
  apifunc.cpp(2167): note: consider using '%Id' in the format string
  apifunc.cpp(2167): note: consider using '%I64d' in the format string
apifunc.cpp(2167): warning C4477: 'printf' : format string '%d' requires an argument of type 'int', but variadic argument 3 has type '__int64'
  apifunc.cpp(2167): note: consider using '%lld' in the format string
  apifunc.cpp(2167): note: consider using '%Id' in the format string
  apifunc.cpp(2167): note: consider using '%I64d' in the format string
apifunc.cpp(2449): warning C4244: 'argument': conversion from '__int64' to 'int', possible loss of data
apifunc.cpp(2450): warning C4244: 'argument': conversion from '__int64' to 'int', possible loss of data
apifunc.cpp(2451): warning C4244: 'argument': conversion from '__int64' to 'int', possible loss of data
apifunc.cpp(2488): warning C4244: 'argument': conversion from '__int64' to 'int', possible loss of data
apifunc.cpp(2489): warning C4244: 'argument': conversion from '__int64' to 'int', possible loss of data
apifunc.cpp(2508): warning C4244: '=': conversion from 'int' to 'float', possible loss of data
apifunc.cpp(2454): warning C4477: 'printf' : format string '%d' requires an argument of type 'int', but variadic argument 1 has type '__int64'
  apifunc.cpp(2454): note: consider using '%lld' in the format string
  apifunc.cpp(2454): note: consider using '%Id' in the format string
  apifunc.cpp(2454): note: consider using '%I64d' in the format string
apifunc.cpp(2454): warning C4477: 'printf' : format string '%d' requires an argument of type 'int', but variadic argument 2 has type '__int64'
  apifunc.cpp(2454): note: consider using '%lld' in the format string
  apifunc.cpp(2454): note: consider using '%Id' in the format string
  apifunc.cpp(2454): note: consider using '%I64d' in the format string
apifunc.cpp(2454): warning C4477: 'printf' : format string '%d' requires an argument of type 'int', but variadic argument 3 has type '__int64'
  apifunc.cpp(2454): note: consider using '%lld' in the format string
  apifunc.cpp(2454): note: consider using '%Id' in the format string
  apifunc.cpp(2454): note: consider using '%I64d' in the format string
apifunc.cpp(2455): warning C4477: 'printf' : format string '%d' requires an argument of type 'int', but variadic argument 1 has type '__int64'
  apifunc.cpp(2455): note: consider using '%lld' in the format string
  apifunc.cpp(2455): note: consider using '%Id' in the format string
  apifunc.cpp(2455): note: consider using '%I64d' in the format string
apifunc.cpp(2455): warning C4477: 'printf' : format string '%d' requires an argument of type 'int', but variadic argument 2 has type '__int64'
  apifunc.cpp(2455): note: consider using '%lld' in the format string
  apifunc.cpp(2455): note: consider using '%Id' in the format string
  apifunc.cpp(2455): note: consider using '%I64d' in the format string
apifunc.cpp(2455): warning C4477: 'printf' : format string '%d' requires an argument of type 'int', but variadic argument 3 has type '__int64'
  apifunc.cpp(2455): note: consider using '%lld' in the format string
  apifunc.cpp(2455): note: consider using '%Id' in the format string
  apifunc.cpp(2455): note: consider using '%I64d' in the format string
apifunc.cpp(2456): warning C4477: 'printf' : format string '%d' requires an argument of type 'int', but variadic argument 1 has type '__int64'
  apifunc.cpp(2456): note: consider using '%lld' in the format string
  apifunc.cpp(2456): note: consider using '%Id' in the format string
  apifunc.cpp(2456): note: consider using '%I64d' in the format string
apifunc.cpp(2456): warning C4477: 'printf' : format string '%d' requires an argument of type 'int', but variadic argument 2 has type '__int64'
  apifunc.cpp(2456): note: consider using '%lld' in the format string
  apifunc.cpp(2456): note: consider using '%Id' in the format string
  apifunc.cpp(2456): note: consider using '%I64d' in the format string
apifunc.cpp(2456): warning C4477: 'printf' : format string '%d' requires an argument of type 'int', but variadic argument 3 has type '__int64'
  apifunc.cpp(2456): note: consider using '%lld' in the format string
  apifunc.cpp(2456): note: consider using '%Id' in the format string
  apifunc.cpp(2456): note: consider using '%I64d' in the format string
apifunc.cpp(2524): warning C4101: 'd_FlippedPSFSpectrum': unreferenced local variable
apifunc.cpp(2858): warning C4244: 'argument': conversion from '__int64' to 'int', possible loss of data
apifunc.cpp(2859): warning C4244: 'argument': conversion from '__int64' to 'int', possible loss of data
apifunc.cpp(2860): warning C4244: 'argument': conversion from '__int64' to 'int', possible loss of data
apifunc.cpp(2863): warning C4244: '=': conversion from 'double' to '__int64', possible loss of data
apifunc.cpp(2864): warning C4244: '=': conversion from 'double' to '__int64', possible loss of data
apifunc.cpp(2865): warning C4244: '=': conversion from 'double' to '__int64', possible loss of data
apifunc.cpp(2866): warning C4244: '=': conversion from 'double' to '__int64', possible loss of data
apifunc.cpp(2867): warning C4244: '=': conversion from 'double' to '__int64', possible loss of data
apifunc.cpp(2868): warning C4244: '=': conversion from 'double' to '__int64', possible loss of data
apifunc.cpp(2904): warning C4244: 'argument': conversion from '__int64' to 'int', possible loss of data
apifunc.cpp(2905): warning C4244: 'argument': conversion from '__int64' to 'int', possible loss of data
apifunc.cpp(2926): warning C4244: '=': conversion from 'int' to 'float', possible loss of data
apifunc.cpp(2871): warning C4477: 'printf' : format string '%d' requires an argument of type 'int', but variadic argument 1 has type '__int64'
  apifunc.cpp(2871): note: consider using '%lld' in the format string
  apifunc.cpp(2871): note: consider using '%Id' in the format string
  apifunc.cpp(2871): note: consider using '%I64d' in the format string
apifunc.cpp(2871): warning C4477: 'printf' : format string '%d' requires an argument of type 'int', but variadic argument 2 has type '__int64'
  apifunc.cpp(2871): note: consider using '%lld' in the format string
  apifunc.cpp(2871): note: consider using '%Id' in the format string
  apifunc.cpp(2871): note: consider using '%I64d' in the format string
apifunc.cpp(2871): warning C4477: 'printf' : format string '%d' requires an argument of type 'int', but variadic argument 3 has type '__int64'
  apifunc.cpp(2871): note: consider using '%lld' in the format string
  apifunc.cpp(2871): note: consider using '%Id' in the format string
  apifunc.cpp(2871): note: consider using '%I64d' in the format string
apifunc.cpp(2872): warning C4477: 'printf' : format string '%d' requires an argument of type 'int', but variadic argument 1 has type '__int64'
  apifunc.cpp(2872): note: consider using '%lld' in the format string
  apifunc.cpp(2872): note: consider using '%Id' in the format string
  apifunc.cpp(2872): note: consider using '%I64d' in the format string
apifunc.cpp(2872): warning C4477: 'printf' : format string '%d' requires an argument of type 'int', but variadic argument 2 has type '__int64'
  apifunc.cpp(2872): note: consider using '%lld' in the format string
  apifunc.cpp(2872): note: consider using '%Id' in the format string
  apifunc.cpp(2872): note: consider using '%I64d' in the format string
apifunc.cpp(2872): warning C4477: 'printf' : format string '%d' requires an argument of type 'int', but variadic argument 3 has type '__int64'
  apifunc.cpp(2872): note: consider using '%lld' in the format string
  apifunc.cpp(2872): note: consider using '%Id' in the format string
  apifunc.cpp(2872): note: consider using '%I64d' in the format string
apifunc.cpp(2873): warning C4477: 'printf' : format string '%d' requires an argument of type 'int', but variadic argument 1 has type '__int64'
  apifunc.cpp(2873): note: consider using '%lld' in the format string
  apifunc.cpp(2873): note: consider using '%Id' in the format string
  apifunc.cpp(2873): note: consider using '%I64d' in the format string
apifunc.cpp(2873): warning C4477: 'printf' : format string '%d' requires an argument of type 'int', but variadic argument 2 has type '__int64'
  apifunc.cpp(2873): note: consider using '%lld' in the format string
  apifunc.cpp(2873): note: consider using '%Id' in the format string
  apifunc.cpp(2873): note: consider using '%I64d' in the format string
apifunc.cpp(2873): warning C4477: 'printf' : format string '%d' requires an argument of type 'int', but variadic argument 3 has type '__int64'
  apifunc.cpp(2873): note: consider using '%lld' in the format string
  apifunc.cpp(2873): note: consider using '%Id' in the format string
  apifunc.cpp(2873): note: consider using '%I64d' in the format string
apifunc.cpp(3154): warning C4244: 'argument': conversion from '__int64' to 'int', possible loss of data
apifunc.cpp(3155): warning C4244: 'argument': conversion from '__int64' to 'int', possible loss of data
apifunc.cpp(3156): warning C4244: 'argument': conversion from '__int64' to 'int', possible loss of data
apifunc.cpp(3159): warning C4244: '=': conversion from 'double' to '__int64', possible loss of data
apifunc.cpp(3160): warning C4244: '=': conversion from 'double' to '__int64', possible loss of data
apifunc.cpp(3161): warning C4244: '=': conversion from 'double' to '__int64', possible loss of data
apifunc.cpp(3162): warning C4244: '=': conversion from 'double' to '__int64', possible loss of data
apifunc.cpp(3163): warning C4244: '=': conversion from 'double' to '__int64', possible loss of data
apifunc.cpp(3164): warning C4244: '=': conversion from 'double' to '__int64', possible loss of data
apifunc.cpp(3200): warning C4244: 'argument': conversion from '__int64' to 'int', possible loss of data
apifunc.cpp(3201): warning C4244: 'argument': conversion from '__int64' to 'int', possible loss of data
apifunc.cpp(3226): warning C4244: '=': conversion from 'int' to 'float', possible loss of data
apifunc.cpp(3694): warning C4244: '=': conversion from 'float' to '__int64', possible loss of data
apifunc.cpp(3695): warning C4244: '=': conversion from 'float' to '__int64', possible loss of data
apifunc.cpp(3696): warning C4244: '=': conversion from '__int64' to 'unsigned int', possible loss of data
apifunc.cpp(3711): warning C4244: '=': conversion from 'float' to '__int64', possible loss of data
apifunc.cpp(3712): warning C4244: '=': conversion from 'float' to '__int64', possible loss of data
apifunc.cpp(3713): warning C4244: '=': conversion from 'float' to '__int64', possible loss of data
apifunc.cpp(3714): warning C4244: '=': conversion from '__int64' to 'unsigned int', possible loss of data
apifunc.cpp(3725): warning C4244: 'argument': conversion from '__int64' to 'int', possible loss of data
apifunc.cpp(3726): warning C4244: 'argument': conversion from '__int64' to 'int', possible loss of data
apifunc.cpp(3727): warning C4244: 'argument': conversion from '__int64' to 'int', possible loss of data
apifunc.cpp(3830): warning C4244: 'initializing': conversion from '__int64' to 'int', possible loss of data
apifunc.cpp(3831): warning C4244: 'initializing': conversion from '__int64' to 'int', possible loss of data
apifunc.cpp(3839): warning C4244: 'initializing': conversion from '__int64' to 'float', possible loss of data
apifunc.cpp(3853): warning C4305: 'argument': truncation from 'double' to 'float'
apifunc.cpp(3853): warning C4244: 'argument': conversion from '__int64' to 'int', possible loss of data
apifunc.cpp(3866): warning C4305: 'argument': truncation from 'double' to 'float'
apifunc.cpp(3866): warning C4244: 'argument': conversion from '__int64' to 'int', possible loss of data
apifunc.cpp(3942): warning C4244: 'initializing': conversion from 'double' to 'int', possible loss of data
apifunc.cpp(3943): warning C4244: 'initializing': conversion from 'double' to 'int', possible loss of data
apifunc.cpp(3945): warning C4244: 'initializing': conversion from 'double' to 'float', possible loss of data
apifunc.cpp(4017): warning C4244: '=': conversion from 'double' to '__int64', possible loss of data
apifunc.cpp(4021): warning C4244: '=': conversion from 'double' to '__int64', possible loss of data
apifunc.cpp(4030): warning C4244: 'initializing': conversion from 'double' to 'float', possible loss of data
apifunc.cpp(4053): warning C4244: '=': conversion from '__int64' to 'unsigned int', possible loss of data
apifunc.cpp(4068): warning C4244: '=': conversion from '__int64' to 'unsigned int', possible loss of data
apifunc.cpp(4098): warning C4996: 'strcpy': This function or variable may be unsafe. Consider using strcpy_s instead. To disable deprecation, use _CRT_SECURE_NO_WARNINGS. See online help for details.
  C:\Program Files (x86)\Windows Kits\10\Include\10.0.14393.0\ucrt\string.h(129): note: see declaration of 'strcpy'
apifunc.cpp(4206): warning C4244: '=': conversion from 'float' to '__int64', possible loss of data
apifunc.cpp(4207): warning C4244: '=': conversion from 'float' to '__int64', possible loss of data
apifunc.cpp(4208): warning C4244: '=': conversion from '__int64' to 'unsigned int', possible loss of data
apifunc.cpp(4209): warning C4244: '=': conversion from '__int64' to 'int', possible loss of data
apifunc.cpp(4223): warning C4244: '=': conversion from 'float' to '__int64', possible loss of data
apifunc.cpp(4224): warning C4244: '=': conversion from 'float' to '__int64', possible loss of data
apifunc.cpp(4225): warning C4244: '=': conversion from 'float' to '__int64', possible loss of data
apifunc.cpp(4226): warning C4244: '=': conversion from '__int64' to 'unsigned int', possible loss of data
apifunc.cpp(4231): warning C4244: 'initializing': conversion from '__int64' to 'int', possible loss of data
apifunc.cpp(4232): warning C4244: 'initializing': conversion from '__int64' to 'int', possible loss of data
apifunc.cpp(4519): warning C4244: 'initializing': conversion from '__int64' to 'int', possible loss of data
apifunc.cpp(4520): warning C4244: 'initializing': conversion from '__int64' to 'int', possible loss of data
apifunc.cpp(4528): warning C4244: '=': conversion from '__int64' to 'float', possible loss of data
apifunc.cpp(4541): warning C4305: 'argument': truncation from 'double' to 'float'
apifunc.cpp(4541): warning C4244: 'argument': conversion from '__int64' to 'int', possible loss of data
apifunc.cpp(4554): warning C4305: 'argument': truncation from 'double' to 'float'
apifunc.cpp(4554): warning C4244: 'argument': conversion from '__int64' to 'int', possible loss of data
apifunc.cpp(4618): warning C4244: '=': conversion from 'double' to 'float', possible loss of data
apifunc.cpp(4128): warning C4996: 'sprintf': This function or variable may be unsafe. Consider using sprintf_s instead. To disable deprecation, use _CRT_SECURE_NO_WARNINGS. See online help for details.
  C:\Program Files (x86)\Windows Kits\10\Include\10.0.14393.0\ucrt\stdio.h(1769): note: see declaration of 'sprintf'
apifunc.cpp(4287): warning C4996: 'fopen': This function or variable may be unsafe. Consider using fopen_s instead. To disable deprecation, use _CRT_SECURE_NO_WARNINGS. See online help for details.
  C:\Program Files (x86)\Windows Kits\10\Include\10.0.14393.0\ucrt\stdio.h(207): note: see declaration of 'fopen'
apifunc.cpp(4289): warning C4996: 'ctime': This function or variable may be unsafe. Consider using ctime_s instead. To disable deprecation, use _CRT_SECURE_NO_WARNINGS. See online help for details.
  C:\Program Files (x86)\Windows Kits\10\Include\10.0.14393.0\ucrt\time.h(475): note: see declaration of 'ctime'
apifunc.cpp(4355): warning C4996: 'fopen': This function or variable may be unsafe. Consider using fopen_s instead. To disable deprecation, use _CRT_SECURE_NO_WARNINGS. See online help for details.
  C:\Program Files (x86)\Windows Kits\10\Include\10.0.14393.0\ucrt\stdio.h(207): note: see declaration of 'fopen'
apifunc.cpp(4365): warning C4996: 'fopen': This function or variable may be unsafe. Consider using fopen_s instead. To disable deprecation, use _CRT_SECURE_NO_WARNINGS. See online help for details.
  C:\Program Files (x86)\Windows Kits\10\Include\10.0.14393.0\ucrt\stdio.h(207): note: see declaration of 'fopen'
apifunc.cpp(4414): warning C4996: 'fopen': This function or variable may be unsafe. Consider using fopen_s instead. To disable deprecation, use _CRT_SECURE_NO_WARNINGS. See online help for details.
  C:\Program Files (x86)\Windows Kits\10\Include\10.0.14393.0\ucrt\stdio.h(207): note: see declaration of 'fopen'
apifunc.cpp(4417): warning C4996: 'sprintf': This function or variable may be unsafe. Consider using sprintf_s instead. To disable deprecation, use _CRT_SECURE_NO_WARNINGS. See online help for details.
  C:\Program Files (x86)\Windows Kits\10\Include\10.0.14393.0\ucrt\stdio.h(1769): note: see declaration of 'sprintf'
apifunc.cpp(4423): warning C4996: 'fopen': This function or variable may be unsafe. Consider using fopen_s instead. To disable deprecation, use _CRT_SECURE_NO_WARNINGS. See online help for details.
  C:\Program Files (x86)\Windows Kits\10\Include\10.0.14393.0\ucrt\stdio.h(207): note: see declaration of 'fopen'
apifunc.cpp(4442): warning C4996: 'fopen': This function or variable may be unsafe. Consider using fopen_s instead. To disable deprecation, use _CRT_SECURE_NO_WARNINGS. See online help for details.
  C:\Program Files (x86)\Windows Kits\10\Include\10.0.14393.0\ucrt\stdio.h(207): note: see declaration of 'fopen'
apifunc.cpp(4578): warning C4996: 'fopen': This function or variable may be unsafe. Consider using fopen_s instead. To disable deprecation, use _CRT_SECURE_NO_WARNINGS. See online help for details.
  C:\Program Files (x86)\Windows Kits\10\Include\10.0.14393.0\ucrt\stdio.h(207): note: see declaration of 'fopen'
apifunc.cpp(4646): warning C4996: 'fopen': This function or variable may be unsafe. Consider using fopen_s instead. To disable deprecation, use _CRT_SECURE_NO_WARNINGS. See online help for details.
  C:\Program Files (x86)\Windows Kits\10\Include\10.0.14393.0\ucrt\stdio.h(207): note: see declaration of 'fopen'
apifunc.cpp(4656): warning C4996: 'fopen': This function or variable may be unsafe. Consider using fopen_s instead. To disable deprecation, use _CRT_SECURE_NO_WARNINGS. See online help for details.
  C:\Program Files (x86)\Windows Kits\10\Include\10.0.14393.0\ucrt\stdio.h(207): note: see declaration of 'fopen'
apifunc.cpp(4680): warning C4996: 'fopen': This function or variable may be unsafe. Consider using fopen_s instead. To disable deprecation, use _CRT_SECURE_NO_WARNINGS. See online help for details.
  C:\Program Files (x86)\Windows Kits\10\Include\10.0.14393.0\ucrt\stdio.h(207): note: see declaration of 'fopen'
apifunc.cpp(4700): warning C4996: 'fopen': This function or variable may be unsafe. Consider using fopen_s instead. To disable deprecation, use _CRT_SECURE_NO_WARNINGS. See online help for details.
  C:\Program Files (x86)\Windows Kits\10\Include\10.0.14393.0\ucrt\stdio.h(207): note: see declaration of 'fopen'
apifunc.cpp(4716): warning C4996: 'strcpy': This function or variable may be unsafe. Consider using strcpy_s instead. To disable deprecation, use _CRT_SECURE_NO_WARNINGS. See online help for details.
  C:\Program Files (x86)\Windows Kits\10\Include\10.0.14393.0\ucrt\string.h(129): note: see declaration of 'strcpy'
apifunc.cpp(4820): warning C4244: 'argument': conversion from '__int64' to 'int', possible loss of data
apifunc.cpp(4821): warning C4244: 'argument': conversion from '__int64' to 'int', possible loss of data
apifunc.cpp(4822): warning C4244: 'argument': conversion from '__int64' to 'int', possible loss of data
apifunc.cpp(4824): warning C4244: '=': conversion from 'double' to '__int64', possible loss of data
apifunc.cpp(4825): warning C4244: '=': conversion from 'double' to '__int64', possible loss of data
apifunc.cpp(4826): warning C4244: '=': conversion from 'double' to '__int64', possible loss of data
apifunc.cpp(4827): warning C4244: '=': conversion from 'double' to '__int64', possible loss of data
apifunc.cpp(4828): warning C4244: '=': conversion from 'double' to '__int64', possible loss of data
apifunc.cpp(4829): warning C4244: '=': conversion from 'double' to '__int64', possible loss of data
apifunc.cpp(4944): warning C4244: 'argument': conversion from '__int64' to 'int', possible loss of data
apifunc.cpp(4945): warning C4244: 'argument': conversion from '__int64' to 'int', possible loss of data
apifunc.cpp(4975): warning C4244: '=': conversion from 'int' to 'float', possible loss of data
apifunc.cpp(4740): warning C4996: 'sprintf': This function or variable may be unsafe. Consider using sprintf_s instead. To disable deprecation, use _CRT_SECURE_NO_WARNINGS. See online help for details.
  C:\Program Files (x86)\Windows Kits\10\Include\10.0.14393.0\ucrt\stdio.h(1769): note: see declaration of 'sprintf'
apifunc.cpp(4875): warning C4477: 'printf' : format string '%d' requires an argument of type 'int', but variadic argument 1 has type '__int64'
  apifunc.cpp(4875): note: consider using '%lld' in the format string
  apifunc.cpp(4875): note: consider using '%Id' in the format string
  apifunc.cpp(4875): note: consider using '%I64d' in the format string
apifunc.cpp(4875): warning C4477: 'printf' : format string '%d' requires an argument of type 'int', but variadic argument 2 has type '__int64'
  apifunc.cpp(4875): note: consider using '%lld' in the format string
  apifunc.cpp(4875): note: consider using '%Id' in the format string
  apifunc.cpp(4875): note: consider using '%I64d' in the format string
apifunc.cpp(4875): warning C4477: 'printf' : format string '%d' requires an argument of type 'int', but variadic argument 3 has type '__int64'
  apifunc.cpp(4875): note: consider using '%lld' in the format string
  apifunc.cpp(4875): note: consider using '%Id' in the format string
  apifunc.cpp(4875): note: consider using '%I64d' in the format string
apifunc.cpp(4887): warning C4996: 'fopen': This function or variable may be unsafe. Consider using fopen_s instead. To disable deprecation, use _CRT_SECURE_NO_WARNINGS. See online help for details.
  C:\Program Files (x86)\Windows Kits\10\Include\10.0.14393.0\ucrt\stdio.h(207): note: see declaration of 'fopen'
apifunc.cpp(4889): warning C4996: 'ctime': This function or variable may be unsafe. Consider using ctime_s instead. To disable deprecation, use _CRT_SECURE_NO_WARNINGS. See online help for details.
  C:\Program Files (x86)\Windows Kits\10\Include\10.0.14393.0\ucrt\time.h(475): note: see declaration of 'ctime'
apifunc.cpp(4906): warning C4477: 'fprintf' : format string '%d' requires an argument of type 'int', but variadic argument 1 has type '__int64'
  apifunc.cpp(4906): note: consider using '%lld' in the format string
  apifunc.cpp(4906): note: consider using '%Id' in the format string
  apifunc.cpp(4906): note: consider using '%I64d' in the format string
apifunc.cpp(4906): warning C4477: 'fprintf' : format string '%d' requires an argument of type 'int', but variadic argument 2 has type '__int64'
  apifunc.cpp(4906): note: consider using '%lld' in the format string
  apifunc.cpp(4906): note: consider using '%Id' in the format string
  apifunc.cpp(4906): note: consider using '%I64d' in the format string
apifunc.cpp(4906): warning C4477: 'fprintf' : format string '%d' requires an argument of type 'int', but variadic argument 3 has type '__int64'
  apifunc.cpp(4906): note: consider using '%lld' in the format string
  apifunc.cpp(4906): note: consider using '%Id' in the format string
  apifunc.cpp(4906): note: consider using '%I64d' in the format string
apifunc.cpp(4925): warning C4996: 'fopen': This function or variable may be unsafe. Consider using fopen_s instead. To disable deprecation, use _CRT_SECURE_NO_WARNINGS. See online help for details.
  C:\Program Files (x86)\Windows Kits\10\Include\10.0.14393.0\ucrt\stdio.h(207): note: see declaration of 'fopen'
apifunc.cpp(5012): warning C4996: 'fopen': This function or variable may be unsafe. Consider using fopen_s instead. To disable deprecation, use _CRT_SECURE_NO_WARNINGS. See online help for details.
  C:\Program Files (x86)\Windows Kits\10\Include\10.0.14393.0\ucrt\stdio.h(207): note: see declaration of 'fopen'
apifunc.cpp(5015): warning C4996: 'sprintf': This function or variable may be unsafe. Consider using sprintf_s instead. To disable deprecation, use _CRT_SECURE_NO_WARNINGS. See online help for details.
  C:\Program Files (x86)\Windows Kits\10\Include\10.0.14393.0\ucrt\stdio.h(1769): note: see declaration of 'sprintf'
apifunc.cpp(5021): warning C4996: 'fopen': This function or variable may be unsafe. Consider using fopen_s instead. To disable deprecation, use _CRT_SECURE_NO_WARNINGS. See online help for details.
  C:\Program Files (x86)\Windows Kits\10\Include\10.0.14393.0\ucrt\stdio.h(207): note: see declaration of 'fopen'
apifunc.cpp(5100): warning C4996: 'fopen': This function or variable may be unsafe. Consider using fopen_s instead. To disable deprecation, use _CRT_SECURE_NO_WARNINGS. See online help for details.
  C:\Program Files (x86)\Windows Kits\10\Include\10.0.14393.0\ucrt\stdio.h(207): note: see declaration of 'fopen'
apifunc.cpp(5156): warning C4996: 'fopen': This function or variable may be unsafe. Consider using fopen_s instead. To disable deprecation, use _CRT_SECURE_NO_WARNINGS. See online help for details.
  C:\Program Files (x86)\Windows Kits\10\Include\10.0.14393.0\ucrt\stdio.h(207): note: see declaration of 'fopen'
apifunc.cpp(5159): warning C4996: 'sprintf': This function or variable may be unsafe. Consider using sprintf_s instead. To disable deprecation, use _CRT_SECURE_NO_WARNINGS. See online help for details.
  C:\Program Files (x86)\Windows Kits\10\Include\10.0.14393.0\ucrt\stdio.h(1769): note: see declaration of 'sprintf'
apifunc.cpp(5165): warning C4996: 'fopen': This function or variable may be unsafe. Consider using fopen_s instead. To disable deprecation, use _CRT_SECURE_NO_WARNINGS. See online help for details.
  C:\Program Files (x86)\Windows Kits\10\Include\10.0.14393.0\ucrt\stdio.h(207): note: see declaration of 'fopen'
apifunc.cpp(5250): warning C4996: 'fopen': This function or variable may be unsafe. Consider using fopen_s instead. To disable deprecation, use _CRT_SECURE_NO_WARNINGS. See online help for details.
  C:\Program Files (x86)\Windows Kits\10\Include\10.0.14393.0\ucrt\stdio.h(207): note: see declaration of 'fopen'
apifunc.cpp(5271): warning C4996: 'fopen': This function or variable may be unsafe. Consider using fopen_s instead. To disable deprecation, use _CRT_SECURE_NO_WARNINGS. See online help for details.
  C:\Program Files (x86)\Windows Kits\10\Include\10.0.14393.0\ucrt\stdio.h(207): note: see declaration of 'fopen'
apifunc.cpp(5294): warning C4996: 'fopen': This function or variable may be unsafe. Consider using fopen_s instead. To disable deprecation, use _CRT_SECURE_NO_WARNINGS. See online help for details.
  C:\Program Files (x86)\Windows Kits\10\Include\10.0.14393.0\ucrt\stdio.h(207): note: see declaration of 'fopen'
apifunc.cpp(4916): warning C4101: 'startWhole': unreferenced local variable
apifunc.cpp(5321): warning C4996: 'strcpy': This function or variable may be unsafe. Consider using strcpy_s instead. To disable deprecation, use _CRT_SECURE_NO_WARNINGS. See online help for details.
  C:\Program Files (x86)\Windows Kits\10\Include\10.0.14393.0\ucrt\string.h(129): note: see declaration of 'strcpy'
apifunc.cpp(5505): warning C4244: '=': conversion from 'float' to '__int64', possible loss of data
apifunc.cpp(5506): warning C4244: '=': conversion from 'float' to '__int64', possible loss of data
apifunc.cpp(5507): warning C4244: '=': conversion from '__int64' to 'unsigned int', possible loss of data
apifunc.cpp(5522): warning C4244: '=': conversion from 'float' to '__int64', possible loss of data
apifunc.cpp(5523): warning C4244: '=': conversion from 'float' to '__int64', possible loss of data
apifunc.cpp(5524): warning C4244: '=': conversion from 'float' to '__int64', possible loss of data
apifunc.cpp(5525): warning C4244: '=': conversion from '__int64' to 'unsigned int', possible loss of data
apifunc.cpp(5536): warning C4244: 'argument': conversion from '__int64' to 'int', possible loss of data
apifunc.cpp(5537): warning C4244: 'argument': conversion from '__int64' to 'int', possible loss of data
apifunc.cpp(5538): warning C4244: 'argument': conversion from '__int64' to 'int', possible loss of data
apifunc.cpp(5750): warning C4244: 'initializing': conversion from 'double' to 'int', possible loss of data
apifunc.cpp(5751): warning C4244: 'initializing': conversion from 'double' to 'int', possible loss of data
apifunc.cpp(5752): warning C4244: 'initializing': conversion from '__int64' to 'int', possible loss of data
apifunc.cpp(5756): warning C4244: 'initializing': conversion from '__int64' to 'int', possible loss of data
apifunc.cpp(5886): warning C4244: 'initializing': conversion from '__int64' to 'int', possible loss of data
apifunc.cpp(5887): warning C4244: 'initializing': conversion from '__int64' to 'int', possible loss of data
apifunc.cpp(5895): warning C4244: '=': conversion from '__int64' to 'float', possible loss of data
apifunc.cpp(5908): warning C4305: 'argument': truncation from 'double' to 'float'
apifunc.cpp(5908): warning C4244: 'argument': conversion from '__int64' to 'int', possible loss of data
apifunc.cpp(5921): warning C4305: 'argument': truncation from 'double' to 'float'
apifunc.cpp(5921): warning C4244: 'argument': conversion from '__int64' to 'int', possible loss of data
apifunc.cpp(5996): warning C4244: '=': conversion from 'double' to 'float', possible loss of data
apifunc.cpp(5351): warning C4996: 'sprintf': This function or variable may be unsafe. Consider using sprintf_s instead. To disable deprecation, use _CRT_SECURE_NO_WARNINGS. See online help for details.
  C:\Program Files (x86)\Windows Kits\10\Include\10.0.14393.0\ucrt\stdio.h(1769): note: see declaration of 'sprintf'
apifunc.cpp(5563): warning C4477: 'printf' : format string '%d' requires an argument of type 'int', but variadic argument 1 has type '__int64'
  apifunc.cpp(5563): note: consider using '%lld' in the format string
  apifunc.cpp(5563): note: consider using '%Id' in the format string
  apifunc.cpp(5563): note: consider using '%I64d' in the format string
apifunc.cpp(5563): warning C4477: 'printf' : format string '%d' requires an argument of type 'int', but variadic argument 2 has type '__int64'
  apifunc.cpp(5563): note: consider using '%lld' in the format string
  apifunc.cpp(5563): note: consider using '%Id' in the format string
  apifunc.cpp(5563): note: consider using '%I64d' in the format string
apifunc.cpp(5563): warning C4477: 'printf' : format string '%d' requires an argument of type 'int', but variadic argument 3 has type '__int64'
  apifunc.cpp(5563): note: consider using '%lld' in the format string
  apifunc.cpp(5563): note: consider using '%Id' in the format string
  apifunc.cpp(5563): note: consider using '%I64d' in the format string
apifunc.cpp(5607): warning C4996: 'fopen': This function or variable may be unsafe. Consider using fopen_s instead. To disable deprecation, use _CRT_SECURE_NO_WARNINGS. See online help for details.
  C:\Program Files (x86)\Windows Kits\10\Include\10.0.14393.0\ucrt\stdio.h(207): note: see declaration of 'fopen'
apifunc.cpp(5609): warning C4996: 'ctime': This function or variable may be unsafe. Consider using ctime_s instead. To disable deprecation, use _CRT_SECURE_NO_WARNINGS. See online help for details.
  C:\Program Files (x86)\Windows Kits\10\Include\10.0.14393.0\ucrt\time.h(475): note: see declaration of 'ctime'
apifunc.cpp(5628): warning C4477: 'fprintf' : format string '%d' requires an argument of type 'int', but variadic argument 1 has type '__int64'
  apifunc.cpp(5628): note: consider using '%lld' in the format string
  apifunc.cpp(5628): note: consider using '%Id' in the format string
  apifunc.cpp(5628): note: consider using '%I64d' in the format string
apifunc.cpp(5628): warning C4477: 'fprintf' : format string '%d' requires an argument of type 'int', but variadic argument 2 has type '__int64'
  apifunc.cpp(5628): note: consider using '%lld' in the format string
  apifunc.cpp(5628): note: consider using '%Id' in the format string
  apifunc.cpp(5628): note: consider using '%I64d' in the format string
apifunc.cpp(5628): warning C4477: 'fprintf' : format string '%d' requires an argument of type 'int', but variadic argument 3 has type '__int64'
  apifunc.cpp(5628): note: consider using '%lld' in the format string
  apifunc.cpp(5628): note: consider using '%Id' in the format string
  apifunc.cpp(5628): note: consider using '%I64d' in the format string
apifunc.cpp(5680): warning C4996: 'fopen': This function or variable may be unsafe. Consider using fopen_s instead. To disable deprecation, use _CRT_SECURE_NO_WARNINGS. See online help for details.
  C:\Program Files (x86)\Windows Kits\10\Include\10.0.14393.0\ucrt\stdio.h(207): note: see declaration of 'fopen'
apifunc.cpp(5690): warning C4996: 'fopen': This function or variable may be unsafe. Consider using fopen_s instead. To disable deprecation, use _CRT_SECURE_NO_WARNINGS. See online help for details.
  C:\Program Files (x86)\Windows Kits\10\Include\10.0.14393.0\ucrt\stdio.h(207): note: see declaration of 'fopen'
apifunc.cpp(5768): warning C4996: 'fopen': This function or variable may be unsafe. Consider using fopen_s instead. To disable deprecation, use _CRT_SECURE_NO_WARNINGS. See online help for details.
  C:\Program Files (x86)\Windows Kits\10\Include\10.0.14393.0\ucrt\stdio.h(207): note: see declaration of 'fopen'
apifunc.cpp(5771): warning C4996: 'sprintf': This function or variable may be unsafe. Consider using sprintf_s instead. To disable deprecation, use _CRT_SECURE_NO_WARNINGS. See online help for details.
  C:\Program Files (x86)\Windows Kits\10\Include\10.0.14393.0\ucrt\stdio.h(1769): note: see declaration of 'sprintf'
apifunc.cpp(5778): warning C4996: 'fopen': This function or variable may be unsafe. Consider using fopen_s instead. To disable deprecation, use _CRT_SECURE_NO_WARNINGS. See online help for details.
  C:\Program Files (x86)\Windows Kits\10\Include\10.0.14393.0\ucrt\stdio.h(207): note: see declaration of 'fopen'
apifunc.cpp(5809): warning C4996: 'fopen': This function or variable may be unsafe. Consider using fopen_s instead. To disable deprecation, use _CRT_SECURE_NO_WARNINGS. See online help for details.
  C:\Program Files (x86)\Windows Kits\10\Include\10.0.14393.0\ucrt\stdio.h(207): note: see declaration of 'fopen'
apifunc.cpp(5946): warning C4996: 'fopen': This function or variable may be unsafe. Consider using fopen_s instead. To disable deprecation, use _CRT_SECURE_NO_WARNINGS. See online help for details.
  C:\Program Files (x86)\Windows Kits\10\Include\10.0.14393.0\ucrt\stdio.h(207): note: see declaration of 'fopen'
apifunc.cpp(6024): warning C4996: 'fopen': This function or variable may be unsafe. Consider using fopen_s instead. To disable deprecation, use _CRT_SECURE_NO_WARNINGS. See online help for details.
  C:\Program Files (x86)\Windows Kits\10\Include\10.0.14393.0\ucrt\stdio.h(207): note: see declaration of 'fopen'
apifunc.cpp(6034): warning C4996: 'fopen': This function or variable may be unsafe. Consider using fopen_s instead. To disable deprecation, use _CRT_SECURE_NO_WARNINGS. See online help for details.
  C:\Program Files (x86)\Windows Kits\10\Include\10.0.14393.0\ucrt\stdio.h(207): note: see declaration of 'fopen'
apifunc.cpp(6051): warning C4996: 'fopen': This function or variable may be unsafe. Consider using fopen_s instead. To disable deprecation, use _CRT_SECURE_NO_WARNINGS. See online help for details.
  C:\Program Files (x86)\Windows Kits\10\Include\10.0.14393.0\ucrt\stdio.h(207): note: see declaration of 'fopen'
apifunc.cpp(6082): warning C4996: 'fopen': This function or variable may be unsafe. Consider using fopen_s instead. To disable deprecation, use _CRT_SECURE_NO_WARNINGS. See online help for details.
  C:\Program Files (x86)\Windows Kits\10\Include\10.0.14393.0\ucrt\stdio.h(207): note: see declaration of 'fopen'
apifunc.cpp(6137): warning C4996: 'fopen': This function or variable may be unsafe. Consider using fopen_s instead. To disable deprecation, use _CRT_SECURE_NO_WARNINGS. See online help for details.
  C:\Program Files (x86)\Windows Kits\10\Include\10.0.14393.0\ucrt\stdio.h(207): note: see declaration of 'fopen'
apifunc.cpp(6163): warning C4996: 'fopen': This function or variable may be unsafe. Consider using fopen_s instead. To disable deprecation, use _CRT_SECURE_NO_WARNINGS. See online help for details.
  C:\Program Files (x86)\Windows Kits\10\Include\10.0.14393.0\ucrt\stdio.h(207): note: see declaration of 'fopen'
apifunc.cpp(6218): warning C4244: '=': conversion from 'double' to 'int', possible loss of data
apifunc.cpp(6219): warning C4244: '=': conversion from 'double' to 'int', possible loss of data
apifunc.cpp(6220): warning C4244: '=': conversion from 'double' to 'int', possible loss of data
apifunc.cpp(6221): warning C4244: '=': conversion from 'double' to 'int', possible loss of data
apifunc.cpp(6222): warning C4244: '=': conversion from 'double' to 'int', possible loss of data
apifunc.cpp(6223): warning C4244: '=': conversion from 'double' to 'int', possible loss of data
apifunc.cpp(6281): warning C4244: '=': conversion from 'int' to 'float', possible loss of data
apifunc.cpp(6459): warning C4996: 'strcpy': This function or variable may be unsafe. Consider using strcpy_s instead. To disable deprecation, use _CRT_SECURE_NO_WARNINGS. See online help for details.
  C:\Program Files (x86)\Windows Kits\10\Include\10.0.14393.0\ucrt\string.h(129): note: see declaration of 'strcpy'
apifunc.cpp(6567): warning C4244: '=': conversion from 'double' to 'int', possible loss of data
apifunc.cpp(6568): warning C4244: '=': conversion from 'double' to 'int', possible loss of data
apifunc.cpp(6569): warning C4244: '=': conversion from 'double' to 'int', possible loss of data
apifunc.cpp(6570): warning C4244: '=': conversion from 'double' to 'int', possible loss of data
apifunc.cpp(6571): warning C4244: '=': conversion from 'double' to 'int', possible loss of data
apifunc.cpp(6572): warning C4244: '=': conversion from 'double' to 'int', possible loss of data
apifunc.cpp(6718): warning C4244: '=': conversion from 'int' to 'float', possible loss of data
apifunc.cpp(6483): warning C4996: 'sprintf': This function or variable may be unsafe. Consider using sprintf_s instead. To disable deprecation, use _CRT_SECURE_NO_WARNINGS. See online help for details.
  C:\Program Files (x86)\Windows Kits\10\Include\10.0.14393.0\ucrt\stdio.h(1769): note: see declaration of 'sprintf'
apifunc.cpp(6630): warning C4996: 'fopen': This function or variable may be unsafe. Consider using fopen_s instead. To disable deprecation, use _CRT_SECURE_NO_WARNINGS. See online help for details.
  C:\Program Files (x86)\Windows Kits\10\Include\10.0.14393.0\ucrt\stdio.h(207): note: see declaration of 'fopen'
apifunc.cpp(6632): warning C4996: 'ctime': This function or variable may be unsafe. Consider using ctime_s instead. To disable deprecation, use _CRT_SECURE_NO_WARNINGS. See online help for details.
  C:\Program Files (x86)\Windows Kits\10\Include\10.0.14393.0\ucrt\time.h(475): note: see declaration of 'ctime'
apifunc.cpp(6668): warning C4996: 'fopen': This function or variable may be unsafe. Consider using fopen_s instead. To disable deprecation, use _CRT_SECURE_NO_WARNINGS. See online help for details.
  C:\Program Files (x86)\Windows Kits\10\Include\10.0.14393.0\ucrt\stdio.h(207): note: see declaration of 'fopen'
apifunc.cpp(6751): warning C4996: 'fopen': This function or variable may be unsafe. Consider using fopen_s instead. To disable deprecation, use _CRT_SECURE_NO_WARNINGS. See online help for details.
  C:\Program Files (x86)\Windows Kits\10\Include\10.0.14393.0\ucrt\stdio.h(207): note: see declaration of 'fopen'
apifunc.cpp(6754): warning C4996: 'sprintf': This function or variable may be unsafe. Consider using sprintf_s instead. To disable deprecation, use _CRT_SECURE_NO_WARNINGS. See online help for details.
  C:\Program Files (x86)\Windows Kits\10\Include\10.0.14393.0\ucrt\stdio.h(1769): note: see declaration of 'sprintf'
apifunc.cpp(6760): warning C4996: 'fopen': This function or variable may be unsafe. Consider using fopen_s instead. To disable deprecation, use _CRT_SECURE_NO_WARNINGS. See online help for details.
  C:\Program Files (x86)\Windows Kits\10\Include\10.0.14393.0\ucrt\stdio.h(207): note: see declaration of 'fopen'
apifunc.cpp(6837): warning C4996: 'fopen': This function or variable may be unsafe. Consider using fopen_s instead. To disable deprecation, use _CRT_SECURE_NO_WARNINGS. See online help for details.
  C:\Program Files (x86)\Windows Kits\10\Include\10.0.14393.0\ucrt\stdio.h(207): note: see declaration of 'fopen'
apifunc.cpp(6889): warning C4996: 'fopen': This function or variable may be unsafe. Consider using fopen_s instead. To disable deprecation, use _CRT_SECURE_NO_WARNINGS. See online help for details.
  C:\Program Files (x86)\Windows Kits\10\Include\10.0.14393.0\ucrt\stdio.h(207): note: see declaration of 'fopen'
apifunc.cpp(6892): warning C4996: 'sprintf': This function or variable may be unsafe. Consider using sprintf_s instead. To disable deprecation, use _CRT_SECURE_NO_WARNINGS. See online help for details.
  C:\Program Files (x86)\Windows Kits\10\Include\10.0.14393.0\ucrt\stdio.h(1769): note: see declaration of 'sprintf'
apifunc.cpp(6898): warning C4996: 'fopen': This function or variable may be unsafe. Consider using fopen_s instead. To disable deprecation, use _CRT_SECURE_NO_WARNINGS. See online help for details.
  C:\Program Files (x86)\Windows Kits\10\Include\10.0.14393.0\ucrt\stdio.h(207): note: see declaration of 'fopen'
apifunc.cpp(6981): warning C4996: 'fopen': This function or variable may be unsafe. Consider using fopen_s instead. To disable deprecation, use _CRT_SECURE_NO_WARNINGS. See online help for details.
  C:\Program Files (x86)\Windows Kits\10\Include\10.0.14393.0\ucrt\stdio.h(207): note: see declaration of 'fopen'
apifunc.cpp(7002): warning C4996: 'fopen': This function or variable may be unsafe. Consider using fopen_s instead. To disable deprecation, use _CRT_SECURE_NO_WARNINGS. See online help for details.
  C:\Program Files (x86)\Windows Kits\10\Include\10.0.14393.0\ucrt\stdio.h(207): note: see declaration of 'fopen'
apifunc.cpp(7025): warning C4996: 'fopen': This function or variable may be unsafe. Consider using fopen_s instead. To disable deprecation, use _CRT_SECURE_NO_WARNINGS. See online help for details.
  C:\Program Files (x86)\Windows Kits\10\Include\10.0.14393.0\ucrt\stdio.h(207): note: see declaration of 'fopen'
apifunc.cpp(6659): warning C4101: 'startWhole': unreferenced local variable
apifunc.cpp(7087): warning C4244: '=': conversion from 'double' to 'int', possible loss of data
apifunc.cpp(7088): warning C4244: '=': conversion from 'double' to 'int', possible loss of data
apifunc.cpp(7089): warning C4244: '=': conversion from 'double' to 'int', possible loss of data
apifunc.cpp(7090): warning C4244: '=': conversion from 'double' to 'int', possible loss of data
apifunc.cpp(7091): warning C4244: '=': conversion from 'double' to 'int', possible loss of data
apifunc.cpp(7092): warning C4244: '=': conversion from 'double' to 'int', possible loss of data
apifunc.cpp(7154): warning C4244: '=': conversion from 'int' to 'float', possible loss of data
     Creating library ..\bin\vs2017\libapi.lib and object ..\bin\vs2017\libapi.exp
  Generating code
  20 of 62 functions (32.3%) were compiled, the rest were copied from previous compilation.
    0 functions were new in current compilation
    0 functions had inline decision re-evaluated but remain unchanged
  Finished generating code
  libAPI_vs2017.vcxproj -> D:\Program\gpuPackage\microImageLib\microImageLib\libAPI\..\bin\vs2017\libapi.dll
  libAPI_vs2017.vcxproj -> ..\bin\vs2017\libapi.pdb (Full PDB)
