  Compiling CUDA source file subfunc.cu...
  
  F:\Program\gpuPackage\microImageLib\microImageLib\libAPI>"C:\Program Files\NVIDIA GPU Computing Toolkit\CUDA\v9.0\bin\nvcc.exe" -gencode=arch=compute_30,code=\"sm_30,compute_30\" --use-local-env --cl-version 2017 -ccbin "C:\Program Files (x86)\Microsoft Visual Studio\2017\Community\VC\Tools\MSVC\14.10.25017\bin\HostX86\x64" -x cu  -I..\common\src -I..\common\inc -I"C:\Program Files\NVIDIA GPU Computing Toolkit\CUDA\v9.0\include" -I"C:\Program Files\NVIDIA GPU Computing Toolkit\CUDA\v9.0\include"     --keep-dir x64\Release -maxrregcount=0  --machine 64 --compile -cudart static     -DWIN32 -DWIN64 -DNDEBUG -D_CONSOLE -D_WINDLL -D_MBCS -Xcompiler "/EHsc /W3 /nologo /O2 /FS /Zi  /MT " -o x64\Release\subfunc.cu.obj "F:\Program\gpuPackage\microImageLib\microImageLib\libAPI\subfunc.cu" 
F:/Program/gpuPackage/microImageLib/microImageLib/libAPI/subfunc.cu(1299): warning : variable "syz" was declared but never referenced
F:/Program/gpuPackage/microImageLib/microImageLib/libAPI/subfunc.cu(1299): warning : variable "syz2" was declared but never referenced
F:/Program/gpuPackage/microImageLib/microImageLib/libAPI/subfunc.cu(1843): warning : expression has no effect
F:/Program/gpuPackage/microImageLib/microImageLib/libAPI/subfunc.cu(1891): warning : variable "sizex1" was declared but never referenced
F:/Program/gpuPackage/microImageLib/microImageLib/libAPI/subfunc.cu(1891): warning : variable "sizex2" was declared but never referenced
F:/Program/gpuPackage/microImageLib/microImageLib/libAPI/subfunc.cu(1891): warning : variable "sizey1" was declared but never referenced
F:/Program/gpuPackage/microImageLib/microImageLib/libAPI/subfunc.cu(1891): warning : variable "sizey2" was declared but never referenced
F:/Program/gpuPackage/microImageLib/microImageLib/libAPI/subfunc.cu(1891): warning : variable "sizez1" was declared but never referenced
F:/Program/gpuPackage/microImageLib/microImageLib/libAPI/subfunc.cu(1891): warning : variable "sizez2" was declared but never referenced
F:/Program/gpuPackage/microImageLib/microImageLib/libAPI/subfunc.cu(1891): warning : variable "sizex" was declared but never referenced
F:/Program/gpuPackage/microImageLib/microImageLib/libAPI/subfunc.cu(1891): warning : variable "sizey" was declared but never referenced
F:/Program/gpuPackage/microImageLib/microImageLib/libAPI/subfunc.cu(1891): warning : variable "sizez" was declared but never referenced
F:/Program/gpuPackage/microImageLib/microImageLib/libAPI/subfunc.cu(1898): warning : variable "imSizeCropz" was declared but never referenced
F:/Program/gpuPackage/microImageLib/microImageLib/libAPI/subfunc.cu(1899): warning : variable "imoz" was declared but never referenced
F:/Program/gpuPackage/microImageLib/microImageLib/libAPI/subfunc.cu(2040): warning : expression has no effect
F:/Program/gpuPackage/microImageLib/microImageLib/libAPI/subfunc.cu(2046): warning : expression has no effect
F:/Program/gpuPackage/microImageLib/microImageLib/libAPI/subfunc.cu(3292): warning : statement is unreachable
F:/Program/gpuPackage/microImageLib/microImageLib/libAPI/subfunc.cu(1299): warning : variable "syz" was declared but never referenced
F:/Program/gpuPackage/microImageLib/microImageLib/libAPI/subfunc.cu(1299): warning : variable "syz2" was declared but never referenced
F:/Program/gpuPackage/microImageLib/microImageLib/libAPI/subfunc.cu(1843): warning : expression has no effect
F:/Program/gpuPackage/microImageLib/microImageLib/libAPI/subfunc.cu(1891): warning : variable "sizex1" was declared but never referenced
F:/Program/gpuPackage/microImageLib/microImageLib/libAPI/subfunc.cu(1891): warning : variable "sizex2" was declared but never referenced
F:/Program/gpuPackage/microImageLib/microImageLib/libAPI/subfunc.cu(1891): warning : variable "sizey1" was declared but never referenced
F:/Program/gpuPackage/microImageLib/microImageLib/libAPI/subfunc.cu(1891): warning : variable "sizey2" was declared but never referenced
F:/Program/gpuPackage/microImageLib/microImageLib/libAPI/subfunc.cu(1891): warning : variable "sizez1" was declared but never referenced
F:/Program/gpuPackage/microImageLib/microImageLib/libAPI/subfunc.cu(1891): warning : variable "sizez2" was declared but never referenced
F:/Program/gpuPackage/microImageLib/microImageLib/libAPI/subfunc.cu(1891): warning : variable "sizex" was declared but never referenced
F:/Program/gpuPackage/microImageLib/microImageLib/libAPI/subfunc.cu(1891): warning : variable "sizey" was declared but never referenced
F:/Program/gpuPackage/microImageLib/microImageLib/libAPI/subfunc.cu(1891): warning : variable "sizez" was declared but never referenced
F:/Program/gpuPackage/microImageLib/microImageLib/libAPI/subfunc.cu(1898): warning : variable "imSizeCropz" was declared but never referenced
F:/Program/gpuPackage/microImageLib/microImageLib/libAPI/subfunc.cu(1899): warning : variable "imoz" was declared but never referenced
F:/Program/gpuPackage/microImageLib/microImageLib/libAPI/subfunc.cu(2040): warning : expression has no effect
F:/Program/gpuPackage/microImageLib/microImageLib/libAPI/subfunc.cu(2046): warning : expression has no effect
F:/Program/gpuPackage/microImageLib/microImageLib/libAPI/subfunc.cu(3292): warning : statement is unreachable
  subfunc.cu
F:/Program/gpuPackage/microImageLib/microImageLib/libAPI/subfunc.cu(62): warning C4244: '=': conversion from '__int64' to 'int', possible loss of data
F:/Program/gpuPackage/microImageLib/microImageLib/libAPI/subfunc.cu(85): warning C4244: 'return': conversion from '__int64' to 'int', possible loss of data
F:/Program/gpuPackage/microImageLib/microImageLib/libAPI/subfunc.cu(307): warning C4244: 'argument': conversion from '__int64' to 'unsigned int', possible loss of data
F:/Program/gpuPackage/microImageLib/microImageLib/libAPI/subfunc.cu(316): warning C4244: 'argument': conversion from '__int64' to 'unsigned int', possible loss of data
F:/Program/gpuPackage/microImageLib/microImageLib/libAPI/subfunc.cu(326): warning C4244: 'argument': conversion from '__int64' to 'unsigned int', possible loss of data
F:/Program/gpuPackage/microImageLib/microImageLib/libAPI/subfunc.cu(347): warning C4244: 'argument': conversion from '__int64' to 'unsigned int', possible loss of data
F:/Program/gpuPackage/microImageLib/microImageLib/libAPI/subfunc.cu(655): warning C4244: '=': conversion from '__int64' to 'float', possible loss of data
F:/Program/gpuPackage/microImageLib/microImageLib/libAPI/subfunc.cu(661): warning C4244: '=': conversion from 'double' to '__int64', possible loss of data
F:/Program/gpuPackage/microImageLib/microImageLib/libAPI/subfunc.cu(663): warning C4244: '=': conversion from '__int64' to 'float', possible loss of data
F:/Program/gpuPackage/microImageLib/microImageLib/libAPI/subfunc.cu(675): warning C4244: '=': conversion from '__int64' to 'float', possible loss of data
F:/Program/gpuPackage/microImageLib/microImageLib/libAPI/subfunc.cu(681): warning C4244: '=': conversion from 'double' to '__int64', possible loss of data
F:/Program/gpuPackage/microImageLib/microImageLib/libAPI/subfunc.cu(683): warning C4244: '=': conversion from '__int64' to 'float', possible loss of data
F:/Program/gpuPackage/microImageLib/microImageLib/libAPI/subfunc.cu(694): warning C4244: '=': conversion from '__int64' to 'float', possible loss of data
F:/Program/gpuPackage/microImageLib/microImageLib/libAPI/subfunc.cu(700): warning C4244: '=': conversion from 'double' to '__int64', possible loss of data
F:/Program/gpuPackage/microImageLib/microImageLib/libAPI/subfunc.cu(702): warning C4244: '=': conversion from '__int64' to 'float', possible loss of data
F:/Program/gpuPackage/microImageLib/microImageLib/libAPI/subfunc.cu(744): warning C4244: '=': conversion from 'double' to 'float', possible loss of data
F:/Program/gpuPackage/microImageLib/microImageLib/libAPI/subfunc.cu(745): warning C4244: '=': conversion from 'double' to 'float', possible loss of data
F:/Program/gpuPackage/microImageLib/microImageLib/libAPI/subfunc.cu(746): warning C4244: '=': conversion from 'double' to 'float', possible loss of data
F:/Program/gpuPackage/microImageLib/microImageLib/libAPI/subfunc.cu(755): warning C4244: '=': conversion from 'double' to 'float', possible loss of data
F:/Program/gpuPackage/microImageLib/microImageLib/libAPI/subfunc.cu(756): warning C4244: '=': conversion from 'double' to 'float', possible loss of data
F:/Program/gpuPackage/microImageLib/microImageLib/libAPI/subfunc.cu(757): warning C4244: '=': conversion from 'double' to 'float', possible loss of data
F:/Program/gpuPackage/microImageLib/microImageLib/libAPI/subfunc.cu(766): warning C4244: '=': conversion from 'double' to 'float', possible loss of data
F:/Program/gpuPackage/microImageLib/microImageLib/libAPI/subfunc.cu(767): warning C4244: '=': conversion from 'double' to 'float', possible loss of data
F:/Program/gpuPackage/microImageLib/microImageLib/libAPI/subfunc.cu(768): warning C4244: '=': conversion from 'double' to 'float', possible loss of data
F:/Program/gpuPackage/microImageLib/microImageLib/libAPI/subfunc.cu(964): warning C4244: 'argument': conversion from '__int64' to 'unsigned int', possible loss of data
F:/Program/gpuPackage/microImageLib/microImageLib/libAPI/subfunc.cu(1009): warning C4244: 'argument': conversion from '__int64' to 'unsigned int', possible loss of data
F:/Program/gpuPackage/microImageLib/microImageLib/libAPI/subfunc.cu(1023): warning C4244: 'argument': conversion from '__int64' to 'unsigned int', possible loss of data
F:/Program/gpuPackage/microImageLib/microImageLib/libAPI/subfunc.cu(1024): warning C4244: 'argument': conversion from '__int64' to 'int', possible loss of data
F:/Program/gpuPackage/microImageLib/microImageLib/libAPI/subfunc.cu(1119): warning C4244: '=': conversion from 'float' to 'int', possible loss of data
F:/Program/gpuPackage/microImageLib/microImageLib/libAPI/subfunc.cu(1131): warning C4244: 'argument': conversion from 'int' to 'float', possible loss of data
F:/Program/gpuPackage/microImageLib/microImageLib/libAPI/subfunc.cu(1670): warning C4244: 'argument': conversion from '__int64' to 'int', possible loss of data
F:/Program/gpuPackage/microImageLib/microImageLib/libAPI/subfunc.cu(1842): warning C4244: 'argument': conversion from '__int64' to 'int', possible loss of data
F:/Program/gpuPackage/microImageLib/microImageLib/libAPI/subfunc.cu(1843): warning C4551: function call missing argument list
F:/Program/gpuPackage/microImageLib/microImageLib/libAPI/subfunc.cu(1856): warning C4244: 'initializing': conversion from '__int64' to 'int', possible loss of data
F:/Program/gpuPackage/microImageLib/microImageLib/libAPI/subfunc.cu(1857): warning C4244: 'initializing': conversion from '__int64' to 'int', possible loss of data
F:/Program/gpuPackage/microImageLib/microImageLib/libAPI/subfunc.cu(1864): warning C4244: 'argument': conversion from '__int64' to 'int', possible loss of data
F:/Program/gpuPackage/microImageLib/microImageLib/libAPI/subfunc.cu(1871): warning C4244: 'argument': conversion from '__int64' to 'int', possible loss of data
F:/Program/gpuPackage/microImageLib/microImageLib/libAPI/subfunc.cu(1877): warning C4244: 'argument': conversion from 'double' to '__int64', possible loss of data
F:/Program/gpuPackage/microImageLib/microImageLib/libAPI/subfunc.cu(1891): warning C4101: 'sizex': unreferenced local variable
F:/Program/gpuPackage/microImageLib/microImageLib/libAPI/subfunc.cu(1891): warning C4101: 'sizez': unreferenced local variable
F:/Program/gpuPackage/microImageLib/microImageLib/libAPI/subfunc.cu(1891): warning C4101: 'sizey2': unreferenced local variable
F:/Program/gpuPackage/microImageLib/microImageLib/libAPI/subfunc.cu(1891): warning C4101: 'sizey': unreferenced local variable
F:/Program/gpuPackage/microImageLib/microImageLib/libAPI/subfunc.cu(1891): warning C4101: 'sizex2': unreferenced local variable
F:/Program/gpuPackage/microImageLib/microImageLib/libAPI/subfunc.cu(1898): warning C4101: 'imSizeCropz': unreferenced local variable
F:/Program/gpuPackage/microImageLib/microImageLib/libAPI/subfunc.cu(1891): warning C4101: 'sizex1': unreferenced local variable
F:/Program/gpuPackage/microImageLib/microImageLib/libAPI/subfunc.cu(1891): warning C4101: 'sizez1': unreferenced local variable
F:/Program/gpuPackage/microImageLib/microImageLib/libAPI/subfunc.cu(1899): warning C4101: 'imoz': unreferenced local variable
F:/Program/gpuPackage/microImageLib/microImageLib/libAPI/subfunc.cu(1891): warning C4101: 'sizez2': unreferenced local variable
F:/Program/gpuPackage/microImageLib/microImageLib/libAPI/subfunc.cu(1891): warning C4101: 'sizey1': unreferenced local variable
F:/Program/gpuPackage/microImageLib/microImageLib/libAPI/subfunc.cu(2006): warning C4244: '=': conversion from '__int64' to 'float', possible loss of data
F:/Program/gpuPackage/microImageLib/microImageLib/libAPI/subfunc.cu(2007): warning C4244: '=': conversion from '__int64' to 'float', possible loss of data
F:/Program/gpuPackage/microImageLib/microImageLib/libAPI/subfunc.cu(2014): warning C4244: '=': conversion from 'double' to 'float', possible loss of data
F:/Program/gpuPackage/microImageLib/microImageLib/libAPI/subfunc.cu(2040): warning C4551: function call missing argument list
F:/Program/gpuPackage/microImageLib/microImageLib/libAPI/subfunc.cu(2045): warning C4244: 'argument': conversion from '__int64' to 'int', possible loss of data
F:/Program/gpuPackage/microImageLib/microImageLib/libAPI/subfunc.cu(2046): warning C4551: function call missing argument list
F:/Program/gpuPackage/microImageLib/microImageLib/libAPI/subfunc.cu(2051): warning C4244: '=': conversion from 'int' to 'float', possible loss of data
F:/Program/gpuPackage/microImageLib/microImageLib/libAPI/subfunc.cu(2125): warning C4244: 'argument': conversion from '__int64' to 'int', possible loss of data
F:/Program/gpuPackage/microImageLib/microImageLib/libAPI/subfunc.cu(2157): warning C4244: '=': conversion from 'double' to 'float', possible loss of data
F:/Program/gpuPackage/microImageLib/microImageLib/libAPI/subfunc.cu(2183): warning C4244: '=': conversion from 'double' to 'float', possible loss of data
F:/Program/gpuPackage/microImageLib/microImageLib/libAPI/subfunc.cu(2194): warning C4244: 'initializing': conversion from '__int64' to 'int', possible loss of data
F:/Program/gpuPackage/microImageLib/microImageLib/libAPI/subfunc.cu(2195): warning C4244: 'initializing': conversion from '__int64' to 'int', possible loss of data
F:/Program/gpuPackage/microImageLib/microImageLib/libAPI/subfunc.cu(2202): warning C4244: 'argument': conversion from '__int64' to 'int', possible loss of data
F:/Program/gpuPackage/microImageLib/microImageLib/libAPI/subfunc.cu(2209): warning C4244: 'argument': conversion from '__int64' to 'int', possible loss of data
F:/Program/gpuPackage/microImageLib/microImageLib/libAPI/subfunc.cu(2215): warning C4244: 'argument': conversion from 'double' to '__int64', possible loss of data
F:/Program/gpuPackage/microImageLib/microImageLib/libAPI/subfunc.cu(2320): warning C4244: 'initializing': conversion from '__int64' to 'int', possible loss of data
F:/Program/gpuPackage/microImageLib/microImageLib/libAPI/subfunc.cu(2321): warning C4244: 'initializing': conversion from '__int64' to 'int', possible loss of data
F:/Program/gpuPackage/microImageLib/microImageLib/libAPI/subfunc.cu(2330): warning C4244: 'argument': conversion from '__int64' to 'int', possible loss of data
F:/Program/gpuPackage/microImageLib/microImageLib/libAPI/subfunc.cu(2342): warning C4244: 'argument': conversion from '__int64' to 'int', possible loss of data
F:/Program/gpuPackage/microImageLib/microImageLib/libAPI/subfunc.cu(2347): warning C4244: 'argument': conversion from 'double' to '__int64', possible loss of data
F:/Program/gpuPackage/microImageLib/microImageLib/libAPI/subfunc.cu(2519): warning C4244: '=': conversion from 'double' to 'float', possible loss of data
F:/Program/gpuPackage/microImageLib/microImageLib/libAPI/subfunc.cu(2558): warning C4244: '=': conversion from 'double' to 'float', possible loss of data
F:/Program/gpuPackage/microImageLib/microImageLib/libAPI/subfunc.cu(2579): warning C4244: '=': conversion from 'double' to 'float', possible loss of data
F:/Program/gpuPackage/microImageLib/microImageLib/libAPI/subfunc.cu(2590): warning C4244: '=': conversion from 'double' to 'float', possible loss of data
F:/Program/gpuPackage/microImageLib/microImageLib/libAPI/subfunc.cu(2646): warning C4305: 'argument': truncation from 'double' to 'float'
F:/Program/gpuPackage/microImageLib/microImageLib/libAPI/subfunc.cu(2661): warning C4305: 'argument': truncation from 'double' to 'float'
F:/Program/gpuPackage/microImageLib/microImageLib/libAPI/subfunc.cu(2666): warning C4305: 'argument': truncation from 'double' to 'float'
F:/Program/gpuPackage/microImageLib/microImageLib/libAPI/subfunc.cu(2671): warning C4305: 'argument': truncation from 'double' to 'float'
F:/Program/gpuPackage/microImageLib/microImageLib/libAPI/subfunc.cu(2785): warning C4244: '=': conversion from 'double' to 'float', possible loss of data
F:/Program/gpuPackage/microImageLib/microImageLib/libAPI/subfunc.cu(2825): warning C4244: '=': conversion from 'double' to 'float', possible loss of data
F:/Program/gpuPackage/microImageLib/microImageLib/libAPI/subfunc.cu(2847): warning C4244: '=': conversion from 'double' to 'float', possible loss of data
F:/Program/gpuPackage/microImageLib/microImageLib/libAPI/subfunc.cu(2860): warning C4244: '=': conversion from 'double' to 'float', possible loss of data
F:/Program/gpuPackage/microImageLib/microImageLib/libAPI/subfunc.cu(2916): warning C4305: 'argument': truncation from 'double' to 'float'
F:/Program/gpuPackage/microImageLib/microImageLib/libAPI/subfunc.cu(2931): warning C4305: 'argument': truncation from 'double' to 'float'
F:/Program/gpuPackage/microImageLib/microImageLib/libAPI/subfunc.cu(2936): warning C4305: 'argument': truncation from 'double' to 'float'
F:/Program/gpuPackage/microImageLib/microImageLib/libAPI/subfunc.cu(2941): warning C4305: 'argument': truncation from 'double' to 'float'
F:/Program/gpuPackage/microImageLib/microImageLib/libAPI/subfunc.cu(3028): warning C4244: 'argument': conversion from '__int64' to 'int', possible loss of data
F:/Program/gpuPackage/microImageLib/microImageLib/libAPI/subfunc.cu(3064): warning C4244: 'argument': conversion from '__int64' to 'int', possible loss of data
F:/Program/gpuPackage/microImageLib/microImageLib/libAPI/subfunc.cu(3065): warning C4244: 'argument': conversion from '__int64' to 'int', possible loss of data
F:/Program/gpuPackage/microImageLib/microImageLib/libAPI/subfunc.cu(3066): warning C4244: 'argument': conversion from '__int64' to 'int', possible loss of data
F:/Program/gpuPackage/microImageLib/microImageLib/libAPI/subfunc.cu(3124): warning C4244: 'argument': conversion from '__int64' to 'int', possible loss of data
F:/Program/gpuPackage/microImageLib/microImageLib/libAPI/subfunc.cu(3125): warning C4244: 'argument': conversion from '__int64' to 'int', possible loss of data
F:/Program/gpuPackage/microImageLib/microImageLib/libAPI/subfunc.cu(3202): warning C4244: 'argument': conversion from '__int64' to 'int', possible loss of data
F:/Program/gpuPackage/microImageLib/microImageLib/libAPI/subfunc.cu(3203): warning C4244: 'argument': conversion from '__int64' to 'int', possible loss of data
F:/Program/gpuPackage/microImageLib/microImageLib/libAPI/subfunc.cu(3275): warning C4244: 'argument': conversion from '__int64' to 'int', possible loss of data
F:/Program/gpuPackage/microImageLib/microImageLib/libAPI/subfunc.cu(3276): warning C4244: 'argument': conversion from '__int64' to 'int', possible loss of data
F:/Program/gpuPackage/microImageLib/microImageLib/libAPI/subfunc.cu(3277): warning C4244: 'argument': conversion from '__int64' to 'int', possible loss of data
F:/Program/gpuPackage/microImageLib/microImageLib/libAPI/subfunc.cu(3352): warning C4244: 'argument': conversion from '__int64' to 'int', possible loss of data
F:/Program/gpuPackage/microImageLib/microImageLib/libAPI/subfunc.cu(3353): warning C4244: 'argument': conversion from '__int64' to 'int', possible loss of data
F:/Program/gpuPackage/microImageLib/microImageLib/libAPI/subfunc.cu(3454): warning C4244: 'argument': conversion from '__int64' to 'int', possible loss of data
F:/Program/gpuPackage/microImageLib/microImageLib/libAPI/subfunc.cu(3455): warning C4244: 'argument': conversion from '__int64' to 'int', possible loss of data
F:/Program/gpuPackage/microImageLib/microImageLib/libAPI/subfunc.cu(246): warning C4244: 'argument': conversion from '__int64' to 'unsigned int', possible loss of data
  F:/Program/gpuPackage/microImageLib/microImageLib/libAPI/subfunc.cu(250): note: see reference to function template instantiation 'void add3Dgpu<int>(int *,int *,int *,::size_t,::size_t,::size_t)' being compiled
F:/Program/gpuPackage/microImageLib/microImageLib/libAPI/subfunc.cu(258): warning C4244: 'argument': conversion from '__int64' to 'unsigned int', possible loss of data
  F:/Program/gpuPackage/microImageLib/microImageLib/libAPI/subfunc.cu(262): note: see reference to function template instantiation 'void addvaluegpu<int>(int *,int *,int,::size_t,::size_t,::size_t)' being compiled
F:/Program/gpuPackage/microImageLib/microImageLib/libAPI/subfunc.cu(270): warning C4244: 'argument': conversion from '__int64' to 'unsigned int', possible loss of data
  F:/Program/gpuPackage/microImageLib/microImageLib/libAPI/subfunc.cu(274): note: see reference to function template instantiation 'void sub3Dgpu<int>(int *,int *,int *,::size_t,::size_t,::size_t)' being compiled
F:/Program/gpuPackage/microImageLib/microImageLib/libAPI/subfunc.cu(283): warning C4244: 'argument': conversion from '__int64' to 'unsigned int', possible loss of data
  F:/Program/gpuPackage/microImageLib/microImageLib/libAPI/subfunc.cu(287): note: see reference to function template instantiation 'void multi3Dgpu<int>(int *,int *,int *,::size_t,::size_t,::size_t)' being compiled
F:/Program/gpuPackage/microImageLib/microImageLib/libAPI/subfunc.cu(295): warning C4244: 'argument': conversion from '__int64' to 'unsigned int', possible loss of data
  F:/Program/gpuPackage/microImageLib/microImageLib/libAPI/subfunc.cu(299): note: see reference to function template instantiation 'void multivaluegpu<int>(int *,int *,int,::size_t,::size_t,::size_t)' being compiled
F:/Program/gpuPackage/microImageLib/microImageLib/libAPI/subfunc.cu(335): warning C4244: 'argument': conversion from '__int64' to 'unsigned int', possible loss of data
  F:/Program/gpuPackage/microImageLib/microImageLib/libAPI/subfunc.cu(339): note: see reference to function template instantiation 'void div3Dgpu<int>(int *,int *,int *,::size_t,::size_t,::size_t)' being compiled
F:/Program/gpuPackage/microImageLib/microImageLib/libAPI/subfunc.cu(356): warning C4244: 'initializing': conversion from '__int64' to 'int', possible loss of data
  F:/Program/gpuPackage/microImageLib/microImageLib/libAPI/subfunc.cu(380): note: see reference to function template instantiation 'int sumgpu<int>(int *,int)' being compiled
F:/Program/gpuPackage/microImageLib/microImageLib/libAPI/subfunc.cu(392): warning C4244: 'argument': conversion from '__int64' to 'unsigned int', possible loss of data
  F:/Program/gpuPackage/microImageLib/microImageLib/libAPI/subfunc.cu(404): note: see reference to function template instantiation 'double sum3Dgpu<int>(int *,::size_t,::size_t,::size_t)' being compiled
F:/Program/gpuPackage/microImageLib/microImageLib/libAPI/subfunc.cu(446): warning C4244: 'argument': conversion from '__int64' to 'unsigned int', possible loss of data
  F:/Program/gpuPackage/microImageLib/microImageLib/libAPI/subfunc.cu(471): note: see reference to function template instantiation 'int max3Dgpu<int>(size_t *,int *,::size_t,::size_t,::size_t)' being compiled
F:/Program/gpuPackage/microImageLib/microImageLib/libAPI/subfunc.cu(479): warning C4244: 'argument': conversion from '__int64' to 'unsigned int', possible loss of data
  F:/Program/gpuPackage/microImageLib/microImageLib/libAPI/subfunc.cu(483): note: see reference to function template instantiation 'void maxvalue3Dgpu<int>(int *,int *,int,::size_t,::size_t,::size_t)' being compiled
F:/Program/gpuPackage/microImageLib/microImageLib/libAPI/subfunc.cu(502): warning C4244: 'argument': conversion from '__int64' to 'unsigned int', possible loss of data
  F:/Program/gpuPackage/microImageLib/microImageLib/libAPI/subfunc.cu(507): note: see reference to function template instantiation 'void maxprojection<int>(int *,int *,::size_t,::size_t,::size_t,int)' being compiled
F:/Program/gpuPackage/microImageLib/microImageLib/libAPI/subfunc.cu(518): warning C4244: 'argument': conversion from '__int64' to 'unsigned int', possible loss of data
  F:/Program/gpuPackage/microImageLib/microImageLib/libAPI/subfunc.cu(522): note: see reference to function template instantiation 'void changestorageordergpu<int>(int *,int *,::size_t,::size_t,::size_t,int)' being compiled
F:/Program/gpuPackage/microImageLib/microImageLib/libAPI/subfunc.cu(533): warning C4244: 'argument': conversion from '__int64' to 'unsigned int', possible loss of data
  F:/Program/gpuPackage/microImageLib/microImageLib/libAPI/subfunc.cu(537): note: see reference to function template instantiation 'void rotbyyaxis<int>(int *,int *,::size_t,::size_t,::size_t,int)' being compiled
F:/Program/gpuPackage/microImageLib/microImageLib/libAPI/subfunc.cu(830): warning C4244: 'argument': conversion from '__int64' to 'unsigned int', possible loss of data
  F:/Program/gpuPackage/microImageLib/microImageLib/libAPI/subfunc.cu(834): note: see reference to function template instantiation 'void circshiftgpu<int>(int *,int *,__int64,__int64,__int64,__int64,__int64,__int64)' being compiled
F:/Program/gpuPackage/microImageLib/microImageLib/libAPI/subfunc.cu(841): warning C4244: 'argument': conversion from '__int64' to 'unsigned int', possible loss of data
  F:/Program/gpuPackage/microImageLib/microImageLib/libAPI/subfunc.cu(845): note: see reference to function template instantiation 'void imshiftgpu<int>(int *,int *,__int64,__int64,__int64,__int64,__int64,__int64)' being compiled
F:/Program/gpuPackage/microImageLib/microImageLib/libAPI/subfunc.cu(945): warning C4244: 'argument': conversion from '__int64' to 'unsigned int', possible loss of data
  F:/Program/gpuPackage/microImageLib/microImageLib/libAPI/subfunc.cu(949): note: see reference to function template instantiation 'void affineTransform<unsigned short>(unsigned short *,__int64,__int64,__int64,__int64,__int64,__int64)' being compiled
F:/Program/gpuPackage/microImageLib/microImageLib/libAPI/subfunc.cu(1680): warning C4244: 'argument': conversion from '__int64' to 'unsigned int', possible loss of data
  F:/Program/gpuPackage/microImageLib/microImageLib/libAPI/subfunc.cu(1684): note: see reference to function template instantiation 'void flipgpu<int>(int *,int *,__int64,__int64,__int64)' being compiled
F:/Program/gpuPackage/microImageLib/microImageLib/libAPI/subfunc.cu(1696): warning C4244: 'argument': conversion from '__int64' to 'unsigned int', possible loss of data
  F:/Program/gpuPackage/microImageLib/microImageLib/libAPI/subfunc.cu(1700): note: see reference to function template instantiation 'void padPSFgpu<int>(int *,int *,__int64,__int64,__int64,__int64,__int64,__int64)' being compiled
F:/Program/gpuPackage/microImageLib/microImageLib/libAPI/subfunc.cu(1719): warning C4244: 'argument': conversion from '__int64' to 'unsigned int', possible loss of data
  F:/Program/gpuPackage/microImageLib/microImageLib/libAPI/subfunc.cu(1723): note: see reference to function template instantiation 'void padstackgpu<int>(int *,int *,__int64,__int64,__int64,__int64,__int64,__int64)' being compiled
F:/Program/gpuPackage/microImageLib/microImageLib/libAPI/subfunc.cu(1742): warning C4244: 'argument': conversion from '__int64' to 'unsigned int', possible loss of data
  F:/Program/gpuPackage/microImageLib/microImageLib/libAPI/subfunc.cu(1746): note: see reference to function template instantiation 'void cropgpu<int>(int *,int *,__int64,__int64,__int64,__int64,__int64,__int64)' being compiled
F:/Program/gpuPackage/microImageLib/microImageLib/libAPI/subfunc.cu(1761): warning C4244: 'argument': conversion from '__int64' to 'unsigned int', possible loss of data
  F:/Program/gpuPackage/microImageLib/microImageLib/libAPI/subfunc.cu(1765): note: see reference to function template instantiation 'void cropgpu2<int>(int *,int *,__int64,__int64,__int64,__int64,__int64,__int64,__int64,__int64,__int64)' being compiled
F:/Program/gpuPackage/microImageLib/microImageLib/libAPI/subfunc.cu(1785): warning C4244: 'argument': conversion from '__int64' to 'unsigned int', possible loss of data
  F:/Program/gpuPackage/microImageLib/microImageLib/libAPI/subfunc.cu(1789): note: see reference to function template instantiation 'void alignsize3Dgpu<int>(int *,int *,__int64,__int64,__int64,__int64,__int64,__int64)' being compiled
  powell.c
powell.c(131): warning C4244: '=': conversion from 'double' to 'float', possible loss of data
powell.c(132): warning C4244: '=': conversion from 'double' to 'float', possible loss of data
powell.c(141): warning C4244: '=': conversion from 'double' to 'float', possible loss of data
powell.c(143): warning C4244: '=': conversion from 'double' to 'float', possible loss of data
powell.c(147): warning C4244: '=': conversion from 'double' to 'float', possible loss of data
powell.c(153): warning C4244: '=': conversion from 'double' to 'float', possible loss of data
powell.c(157): warning C4244: '=': conversion from 'double' to 'float', possible loss of data
powell.c(159): warning C4244: '=': conversion from 'double' to 'float', possible loss of data
powell.c(205): warning C4244: '=': conversion from 'double' to 'float', possible loss of data
powell.c(211): warning C4244: '=': conversion from 'double' to 'float', possible loss of data
powell.c(211): warning C4305: '=': truncation from 'double' to 'float'
powell.c(212): warning C4244: '=': conversion from 'double' to 'float', possible loss of data
powell.c(227): warning C4244: '=': conversion from 'double' to 'float', possible loss of data
powell.c(233): warning C4244: '=': conversion from 'double' to 'float', possible loss of data
powell.c(242): warning C4244: '=': conversion from 'double' to 'float', possible loss of data
powell.c(294): warning C4305: 'function': truncation from 'double' to 'float'
powell.c(317): warning C4098: 'powell': 'void' function returning a value
powell.c(328): warning C4244: '=': conversion from 'double' to 'float', possible loss of data
powell.c(331): warning C4098: 'powell': 'void' function returning a value
powell.c(332): warning C4098: 'powell': 'void' function returning a value
powell.c(340): warning C4098: 'powell': 'void' function returning a value
powell.c(342): warning C4244: '=': conversion from 'double' to 'float', possible loss of data
powell.c(348): warning C4244: '=': conversion from 'double' to 'float', possible loss of data
powell.c(355): warning C4098: 'powell': 'void' function returning a value
powell.c(356): warning C4098: 'powell': 'void' function returning a value
     Creating library ..\bin\libapi.lib and object ..\bin\libapi.exp
  Generating code
  2 of 43 functions ( 4.7%) were compiled, the rest were copied from previous compilation.
    0 functions were new in current compilation
    2 functions had inline decision re-evaluated but remain unchanged
  Finished generating code
  libAPI.vcxproj -> F:\Program\gpuPackage\microImageLib\microImageLib\libAPI\..\bin\libapi.dll
  libAPI.vcxproj -> ..\bin\libapi.pdb (Full PDB)
  copy "C:\Program Files\NVIDIA GPU Computing Toolkit\CUDA\v9.0\bin\cudart*.dll" "..\bin\"
  C:\Program Files\NVIDIA GPU Computing Toolkit\CUDA\v9.0\bin\cudart32_90.dll
  C:\Program Files\NVIDIA GPU Computing Toolkit\CUDA\v9.0\bin\cudart64_90.dll
          2 file(s) copied.
